<?xml version="1.0" encoding="UTF-8"?>
<!-- Generated by org.testng.reporters.JUnitReportReporter -->
<testsuite hostname="DESKTOP-G8O6OG0" failures="0" tests="1" name="com.MyTests.D02TestNGClassDemo" time="0.019" errors="0" timestamp="2024-09-30T20:51:06 IST" skipped="0">
  <testcase classname="com.MyTests.D02TestNGClassDemo" name="myTest" time="0.019"/>
</testsuite> <!-- com.MyTests.D02TestNGClassDemo -->
