<?xml version="1.0" encoding="UTF-8"?>
<!-- Generated by org.testng.reporters.JUnitReportReporter -->
<testsuite hostname="DESKTOP-G8O6OG0" failures="0" tests="1" name="com.TestNGDemos.D10KeywordDrivenFramework" time="1.286" errors="0" timestamp="2024-09-23T20:48:24 IST" skipped="0">
  <testcase classname="com.TestNGDemos.D10KeywordDrivenFramework" name="login" time="1.286"/>
</testsuite> <!-- com.TestNGDemos.D10KeywordDrivenFramework -->
