<?xml version="1.0" encoding="UTF-8"?>
<!-- Generated by org.testng.reporters.JUnitReportReporter -->
<testsuite hostname="DESKTOP-G8O6OG0" failures="0" tests="4" name="com.TestNGDemos.D11POM_Client" time="23.005" errors="0" timestamp="2024-09-25T20:30:56 IST" skipped="0">
  <testcase classname="com.TestNGDemos.D11POM_Client" name="testLogin" time="5.425"/>
  <testcase classname="com.TestNGDemos.D11POM_Client" name="testLogin" time="5.738"/>
  <testcase classname="com.TestNGDemos.D11POM_Client" name="testLogin" time="6.402"/>
  <testcase classname="com.TestNGDemos.D11POM_Client" name="testLogin" time="5.440"/>
</testsuite> <!-- com.TestNGDemos.D11POM_Client -->
