<?xml version="1.0" encoding="UTF-8"?>
<!-- Generated by org.testng.reporters.JUnitReportReporter -->
<testsuite hostname="DESKTOP-G8O6OG0" failures="0" tests="1" name="com.TestNGDemos.D12WriteDataToExcel" time="0.065" errors="0" timestamp="2024-09-23T22:21:01 IST" skipped="0">
  <testcase classname="com.TestNGDemos.D12WriteDataToExcel" name="writeData" time="0.065"/>
</testsuite> <!-- com.TestNGDemos.D12WriteDataToExcel -->
