<?xml version="1.0" encoding="UTF-8"?>
<!-- Generated by org.testng.reporters.JUnitReportReporter -->
<testsuite hostname="DESKTOP-G8O6OG0" failures="0" tests="1" name="com.BeforeAfterDemos.Demo1" time="0.007" errors="0" timestamp="2024-10-07T21:53:02 IST" skipped="0">
  <testcase classname="com.BeforeAfterDemos.Demo1" name="test1" time="0.007"/>
</testsuite> <!-- com.BeforeAfterDemos.Demo1 -->
