<?xml version="1.0" encoding="UTF-8"?>
<!-- Generated by org.testng.reporters.JUnitReportReporter -->
<testsuite hostname="DESKTOP-G8O6OG0" failures="0" tests="8" name="com.TestNGDemos.D16LoginToOHRM_DDF" time="19.299" errors="0" timestamp="2024-09-26T21:29:02 IST" skipped="0">
  <testcase classname="com.TestNGDemos.D16LoginToOHRM_DDF" name="loginToOHRM" time="5.478"/>
  <testcase classname="com.TestNGDemos.D16LoginToOHRM_DDF" name="loginToOHRM" time="1.871"/>
  <testcase classname="com.TestNGDemos.D16LoginToOHRM_DDF" name="loginToOHRM" time="0.611"/>
  <testcase classname="com.TestNGDemos.D16LoginToOHRM_DDF" name="loginToOHRM" time="0.684"/>
  <testcase classname="com.TestNGDemos.D16LoginToOHRM_DDF" name="loginToOHRM" time="3.086"/>
  <testcase classname="com.TestNGDemos.D16LoginToOHRM_DDF" name="loginToOHRM" time="1.816"/>
  <testcase classname="com.TestNGDemos.D16LoginToOHRM_DDF" name="loginToOHRM" time="1.830"/>
  <testcase classname="com.TestNGDemos.D16LoginToOHRM_DDF" name="loginToOHRM" time="3.923"/>
</testsuite> <!-- com.TestNGDemos.D16LoginToOHRM_DDF -->
