<?xml version="1.0" encoding="UTF-8"?>
<!-- Generated by org.testng.reporters.JUnitReportReporter -->
<testsuite hostname="DESKTOP-G8O6OG0" failures="0" tests="1" name="com.TestNGDemos.D13CreatingFriendsData" time="0.096" errors="0" timestamp="2024-09-25T20:57:33 IST" skipped="0">
  <testcase classname="com.TestNGDemos.D13CreatingFriendsData" name="writeData" time="0.096"/>
</testsuite> <!-- com.TestNGDemos.D13CreatingFriendsData -->
