<?xml version="1.0" encoding="UTF-8"?>
<!-- Generated by org.testng.reporters.JUnitReportReporter -->
<testsuite hostname="DESKTOP-G8O6OG0" failures="0" tests="1" name="com.TestNGDemos.D15ReadingData" time="0.025" errors="0" timestamp="2024-09-25T22:03:16 IST" skipped="0">
  <testcase classname="com.TestNGDemos.D15ReadingData" name="getAllData" time="0.025"/>
</testsuite> <!-- com.TestNGDemos.D15ReadingData -->
