<?xml version="1.0" encoding="UTF-8"?>
<!-- Generated by org.testng.reporters.JUnitReportReporter -->
<testsuite hostname="DESKTOP-G8O6OG0" failures="0" tests="1" name="com.TestNGDemos.D11POM_Client" time="5.502" errors="0" timestamp="2024-09-23T21:28:55 IST" skipped="0">
  <testcase classname="com.TestNGDemos.D11POM_Client" name="testLogin" time="5.502"/>
</testsuite> <!-- com.TestNGDemos.D11POM_Client -->
