<?xml version="1.0" encoding="UTF-8"?>
<!-- Generated by org.testng.reporters.JUnitReportReporter -->
<testsuite hostname="DESKTOP-G8O6OG0" failures="0" tests="6" name="com.TestNGDemos.D14CreateLoginData" time="0.097" errors="0" timestamp="2024-09-25T21:37:04 IST" skipped="0">
  <testcase classname="com.TestNGDemos.D14CreateLoginData" name="writeData" time="0.026"/>
  <testcase classname="com.TestNGDemos.D14CreateLoginData" name="writeData" time="0.016"/>
  <testcase classname="com.TestNGDemos.D14CreateLoginData" name="writeData" time="0.010"/>
  <testcase classname="com.TestNGDemos.D14CreateLoginData" name="writeData" time="0.025"/>
  <testcase classname="com.TestNGDemos.D14CreateLoginData" name="writeData" time="0.007"/>
  <testcase classname="com.TestNGDemos.D14CreateLoginData" name="writeData" time="0.013"/>
</testsuite> <!-- com.TestNGDemos.D14CreateLoginData -->
