<?xml version="1.0" encoding="UTF-8"?>
<!-- Generated by org.testng.reporters.JUnitReportReporter -->
<testsuite hostname="DESKTOP-G8O6OG0" failures="0" tests="2" name="com.TestNGDemos.D08AmazonAssignment" time="11.505" errors="0" timestamp="2024-09-20T21:40:52 IST" skipped="0">
  <testcase classname="com.TestNGDemos.D08AmazonAssignment" name="testSellLink" time="5.927"/>
  <testcase classname="com.TestNGDemos.D08AmazonAssignment" name="testBestSellerLink" time="5.578"/>
</testsuite> <!-- com.TestNGDemos.D08AmazonAssignment -->
