<?xml version="1.0" encoding="UTF-8"?>
<!-- Generated by org.testng.reporters.JUnitReportReporter -->
<testsuite hostname="DESKTOP-G8O6OG0" failures="0" tests="4" name="com.TestNGDemos.D03Before_After_Test" time="16.541" errors="0" timestamp="2024-09-19T21:30:35 IST" skipped="0">
  <testcase classname="com.TestNGDemos.D03Before_After_Test" name="testAmazon" time="2.303"/>
  <testcase classname="com.TestNGDemos.D03Before_After_Test" name="testMeesho" time="2.582"/>
  <testcase classname="com.TestNGDemos.D03Before_After_Test" name="testAjio" time="6.192"/>
  <testcase classname="com.TestNGDemos.D03Before_After_Test" name="testMyntra" time="5.464"/>
</testsuite> <!-- com.TestNGDemos.D03Before_After_Test -->
