<?xml version="1.0" encoding="UTF-8"?>
<!-- Generated by org.testng.reporters.JUnitReportReporter -->
<testsuite hostname="DESKTOP-G8O6OG0" failures="0" tests="1" name="com.TestNGDemos.D01FirstTest" time="4.856" errors="0" timestamp="2024-09-19T20:58:17 IST" skipped="0">
  <testcase classname="com.TestNGDemos.D01FirstTest" name="openGoogle" time="4.856"/>
</testsuite> <!-- com.TestNGDemos.D01FirstTest -->
