<?xml version="1.0" encoding="UTF-8"?>
<!-- Generated by org.testng.reporters.JUnitReportReporter -->
<testsuite hostname="DESKTOP-G8O6OG0" failures="0" tests="4" name="com.Assignments.A10OHRM_Login_Logout" time="10.043" errors="0" timestamp="2024-09-19T22:09:44 IST" skipped="0">
  <testcase classname="com.Assignments.A10OHRM_Login_Logout" name="login1" time="2.039"/>
  <testcase classname="com.Assignments.A10OHRM_Login_Logout" name="login2" time="1.286"/>
  <testcase classname="com.Assignments.A10OHRM_Login_Logout" name="login3" time="2.891"/>
  <testcase classname="com.Assignments.A10OHRM_Login_Logout" name="login4" time="3.827"/>
</testsuite> <!-- com.Assignments.A10OHRM_Login_Logout -->
