<?xml version="1.0" encoding="UTF-8"?>
<!-- Generated by org.testng.reporters.JUnitReportReporter -->
<testsuite hostname="DESKTOP-G8O6OG0" failures="0" tests="1" name="com.BeforeAfterDemos.Demo2" time="0.002" errors="0" timestamp="2024-10-07T21:53:02 IST" skipped="0">
  <testcase classname="com.BeforeAfterDemos.Demo2" name="test2" time="0.002"/>
</testsuite> <!-- com.BeforeAfterDemos.Demo2 -->
