<?xml version="1.0" encoding="UTF-8"?>
<!-- Generated by org.testng.reporters.JUnitReportReporter -->
<testsuite hostname="DESKTOP-G8O6OG0" failures="0" tests="4" name="com.TestNGDemos.D05Before_After_Method" time="17.327" errors="0" timestamp="2024-09-19T21:42:35 IST" skipped="0">
  <testcase classname="com.TestNGDemos.D05Before_After_Method" name="testAmazon" time="7.587"/>
  <testcase classname="com.TestNGDemos.D05Before_After_Method" name="testMeesho" time="0.803"/>
  <testcase classname="com.TestNGDemos.D05Before_After_Method" name="testAjio" time="6.940"/>
  <testcase classname="com.TestNGDemos.D05Before_After_Method" name="testMyntra" time="1.997"/>
</testsuite> <!-- com.TestNGDemos.D05Before_After_Method -->
