<?xml version="1.0" encoding="UTF-8"?>
<!-- Generated by org.testng.reporters.JUnitReportReporter -->
<testsuite hostname="DESKTOP-G8O6OG0" failures="0" tests="4" name="com.TestNGDemos.D06DataProviderDemo" time="0.017" errors="0" timestamp="2024-09-19T22:21:16 IST" skipped="0">
  <testcase classname="com.TestNGDemos.D06DataProviderDemo" name="loginToOHRM" time="0.008"/>
  <testcase classname="com.TestNGDemos.D06DataProviderDemo" name="loginToOHRM" time="0.004"/>
  <testcase classname="com.TestNGDemos.D06DataProviderDemo" name="loginToOHRM" time="0.003"/>
  <testcase classname="com.TestNGDemos.D06DataProviderDemo" name="loginToOHRM" time="0.002"/>
</testsuite> <!-- com.TestNGDemos.D06DataProviderDemo -->
