<?xml version="1.0" encoding="UTF-8"?>
<!-- Generated by org.testng.reporters.JUnitReportReporter -->
<testsuite hostname="DESKTOP-G8O6OG0" failures="0" tests="4" name="com.TestNGDemos.D06DataProviderDemo" time="11.571" errors="0" timestamp="2024-09-20T21:20:23 IST" skipped="0">
  <testcase classname="com.TestNGDemos.D06DataProviderDemo" name="loginToOHRM" time="1.320"/>
  <testcase classname="com.TestNGDemos.D06DataProviderDemo" name="loginToOHRM" time="1.818"/>
  <testcase classname="com.TestNGDemos.D06DataProviderDemo" name="loginToOHRM" time="4.654"/>
  <testcase classname="com.TestNGDemos.D06DataProviderDemo" name="loginToOHRM" time="3.779"/>
</testsuite> <!-- com.TestNGDemos.D06DataProviderDemo -->
